<?xml version="1.0" encoding="UTF-8"?>
<testsuite name="com.rafaelcam.SpringBootKafkaAvroApplicationTests" tests="1" skipped="0" failures="0" errors="0" timestamp="2020-05-22T22:59:04" hostname="MacBook-Pro-2.local" time="0.354">
  <properties/>
  <testcase name="contextLoads()" classname="com.rafaelcam.SpringBootKafkaAvroApplicationTests" time="0.354"/>
  <system-out><![CDATA[19:59:02.492 [Test worker] DEBUG org.springframework.test.context.BootstrapUtils - Instantiating CacheAwareContextLoaderDelegate from class [org.springframework.test.context.cache.DefaultCacheAwareContextLoaderDelegate]
19:59:02.502 [Test worker] DEBUG org.springframework.test.context.BootstrapUtils - Instantiating BootstrapContext using constructor [public org.springframework.test.context.support.DefaultBootstrapContext(java.lang.Class,org.springframework.test.context.CacheAwareContextLoaderDelegate)]
19:59:02.524 [Test worker] DEBUG org.springframework.test.context.BootstrapUtils - Instantiating TestContextBootstrapper for test class [com.rafaelcam.SpringBootKafkaAvroApplicationTests] from class [org.springframework.boot.test.context.SpringBootTestContextBootstrapper]
19:59:02.538 [Test worker] INFO org.springframework.boot.test.context.SpringBootTestContextBootstrapper - Neither @ContextConfiguration nor @ContextHierarchy found for test class [com.rafaelcam.SpringBootKafkaAvroApplicationTests], using SpringBootContextLoader
19:59:02.541 [Test worker] DEBUG org.springframework.test.context.support.AbstractContextLoader - Did not detect default resource location for test class [com.rafaelcam.SpringBootKafkaAvroApplicationTests]: class path resource [com/rafaelcam/SpringBootKafkaAvroApplicationTests-context.xml] does not exist
19:59:02.541 [Test worker] DEBUG org.springframework.test.context.support.AbstractContextLoader - Did not detect default resource location for test class [com.rafaelcam.SpringBootKafkaAvroApplicationTests]: class path resource [com/rafaelcam/SpringBootKafkaAvroApplicationTestsContext.groovy] does not exist
19:59:02.541 [Test worker] INFO org.springframework.test.context.support.AbstractContextLoader - Could not detect default resource locations for test class [com.rafaelcam.SpringBootKafkaAvroApplicationTests]: no resource found for suffixes {-context.xml, Context.groovy}.
19:59:02.542 [Test worker] INFO org.springframework.test.context.support.AnnotationConfigContextLoaderUtils - Could not detect default configuration classes for test class [com.rafaelcam.SpringBootKafkaAvroApplicationTests]: SpringBootKafkaAvroApplicationTests does not declare any static, non-private, non-final, nested classes annotated with @Configuration.
19:59:02.572 [Test worker] DEBUG org.springframework.test.context.support.ActiveProfilesUtils - Could not find an 'annotation declaring class' for annotation type [org.springframework.test.context.ActiveProfiles] and class [com.rafaelcam.SpringBootKafkaAvroApplicationTests]
19:59:02.617 [Test worker] DEBUG org.springframework.context.annotation.ClassPathScanningCandidateComponentProvider - Identified candidate component class: file [/Users/rafaelcam/git/spring-boot-kafka-avro/build/classes/kotlin/main/com/rafaelcam/SpringBootKafkaAvroApplication.class]
19:59:02.618 [Test worker] INFO org.springframework.boot.test.context.SpringBootTestContextBootstrapper - Found @SpringBootConfiguration com.rafaelcam.SpringBootKafkaAvroApplication for test class com.rafaelcam.SpringBootKafkaAvroApplicationTests
19:59:02.710 [Test worker] DEBUG org.springframework.boot.test.context.SpringBootTestContextBootstrapper - @TestExecutionListeners is not present for class [com.rafaelcam.SpringBootKafkaAvroApplicationTests]: using defaults.
19:59:02.711 [Test worker] INFO org.springframework.boot.test.context.SpringBootTestContextBootstrapper - Loaded default TestExecutionListener class names from location [META-INF/spring.factories]: [org.springframework.boot.test.autoconfigure.restdocs.RestDocsTestExecutionListener, org.springframework.boot.test.autoconfigure.web.client.MockRestServiceServerResetTestExecutionListener, org.springframework.boot.test.autoconfigure.web.servlet.MockMvcPrintOnlyOnFailureTestExecutionListener, org.springframework.boot.test.autoconfigure.web.servlet.WebDriverTestExecutionListener, org.springframework.boot.test.autoconfigure.webservices.client.MockWebServiceServerTestExecutionListener, org.springframework.boot.test.mock.mockito.MockitoTestExecutionListener, org.springframework.boot.test.mock.mockito.ResetMocksTestExecutionListener, org.springframework.test.context.web.ServletTestExecutionListener, org.springframework.test.context.support.DirtiesContextBeforeModesTestExecutionListener, org.springframework.test.context.support.DependencyInjectionTestExecutionListener, org.springframework.test.context.support.DirtiesContextTestExecutionListener, org.springframework.test.context.transaction.TransactionalTestExecutionListener, org.springframework.test.context.jdbc.SqlScriptsTestExecutionListener, org.springframework.test.context.event.EventPublishingTestExecutionListener]
19:59:02.719 [Test worker] DEBUG org.springframework.boot.test.context.SpringBootTestContextBootstrapper - Skipping candidate TestExecutionListener [org.springframework.test.context.web.ServletTestExecutionListener] due to a missing dependency. Specify custom listener classes or make the default listener classes and their required dependencies available. Offending class: [javax/servlet/ServletContext]
19:59:02.724 [Test worker] INFO org.springframework.boot.test.context.SpringBootTestContextBootstrapper - Using TestExecutionListeners: [org.springframework.test.context.support.DirtiesContextBeforeModesTestExecutionListener@360b1467, org.springframework.boot.test.mock.mockito.MockitoTestExecutionListener@1b56052d, org.springframework.boot.test.autoconfigure.SpringBootDependencyInjectionTestExecutionListener@1d6f99ec, org.springframework.test.context.support.DirtiesContextTestExecutionListener@4954155a, org.springframework.test.context.transaction.TransactionalTestExecutionListener@2792983b, org.springframework.test.context.jdbc.SqlScriptsTestExecutionListener@cc68e89, org.springframework.test.context.event.EventPublishingTestExecutionListener@6d87d604, org.springframework.boot.test.autoconfigure.restdocs.RestDocsTestExecutionListener@490f02b, org.springframework.boot.test.autoconfigure.web.client.MockRestServiceServerResetTestExecutionListener@3770e3c2, org.springframework.boot.test.autoconfigure.web.servlet.MockMvcPrintOnlyOnFailureTestExecutionListener@ffa8163, org.springframework.boot.test.autoconfigure.web.servlet.WebDriverTestExecutionListener@5c1e516e, org.springframework.boot.test.autoconfigure.webservices.client.MockWebServiceServerTestExecutionListener@5f8ce36e, org.springframework.boot.test.mock.mockito.ResetMocksTestExecutionListener@6fd265ae]
19:59:02.726 [Test worker] DEBUG org.springframework.test.context.support.AbstractDirtiesContextTestExecutionListener - Before test class: context [DefaultTestContext@3be0a7bf testClass = SpringBootKafkaAvroApplicationTests, testInstance = [null], testMethod = [null], testException = [null], mergedContextConfiguration = [MergedContextConfiguration@7e7c1baa testClass = SpringBootKafkaAvroApplicationTests, locations = '{}', classes = '{class com.rafaelcam.SpringBootKafkaAvroApplication}', contextInitializerClasses = '[]', activeProfiles = '{}', propertySourceLocations = '{}', propertySourceProperties = '{org.springframework.boot.test.context.SpringBootTestContextBootstrapper=true}', contextCustomizers = set[org.springframework.boot.test.autoconfigure.properties.PropertyMappingContextCustomizer@0, org.springframework.boot.test.autoconfigure.web.servlet.WebDriverContextCustomizerFactory$Customizer@2ea43298, org.springframework.boot.test.context.filter.ExcludeFilterContextCustomizer@28db5d79, org.springframework.boot.test.json.DuplicateJsonObjectContextCustomizerFactory$DuplicateJsonObjectContextCustomizer@39815281, org.springframework.boot.test.mock.mockito.MockitoContextCustomizer@0, org.springframework.boot.test.web.client.TestRestTemplateContextCustomizer@5fbe8bd2, org.springframework.boot.test.web.reactive.server.WebTestClientContextCustomizer@366d1488, org.springframework.boot.test.context.SpringBootTestArgs@1], contextLoader = 'org.springframework.boot.test.context.SpringBootContextLoader', parent = [null]], attributes = map[[empty]]], class annotated with @DirtiesContext [false] with mode [null].
19:59:02.734 [Test worker] DEBUG org.springframework.test.context.support.DependencyInjectionTestExecutionListener - Performing dependency injection for test context [[DefaultTestContext@3be0a7bf testClass = SpringBootKafkaAvroApplicationTests, testInstance = com.rafaelcam.SpringBootKafkaAvroApplicationTests@2f80da29, testMethod = [null], testException = [null], mergedContextConfiguration = [MergedContextConfiguration@7e7c1baa testClass = SpringBootKafkaAvroApplicationTests, locations = '{}', classes = '{class com.rafaelcam.SpringBootKafkaAvroApplication}', contextInitializerClasses = '[]', activeProfiles = '{}', propertySourceLocations = '{}', propertySourceProperties = '{org.springframework.boot.test.context.SpringBootTestContextBootstrapper=true}', contextCustomizers = set[org.springframework.boot.test.autoconfigure.properties.PropertyMappingContextCustomizer@0, org.springframework.boot.test.autoconfigure.web.servlet.WebDriverContextCustomizerFactory$Customizer@2ea43298, org.springframework.boot.test.context.filter.ExcludeFilterContextCustomizer@28db5d79, org.springframework.boot.test.json.DuplicateJsonObjectContextCustomizerFactory$DuplicateJsonObjectContextCustomizer@39815281, org.springframework.boot.test.mock.mockito.MockitoContextCustomizer@0, org.springframework.boot.test.web.client.TestRestTemplateContextCustomizer@5fbe8bd2, org.springframework.boot.test.web.reactive.server.WebTestClientContextCustomizer@366d1488, org.springframework.boot.test.context.SpringBootTestArgs@1], contextLoader = 'org.springframework.boot.test.context.SpringBootContextLoader', parent = [null]], attributes = map[[empty]]]].
19:59:02.748 [Test worker] DEBUG org.springframework.test.context.support.TestPropertySourceUtils - Adding inlined properties to environment: {spring.jmx.enabled=false, org.springframework.boot.test.context.SpringBootTestContextBootstrapper=true}

  .   ____          _            __ _ _
 /\\ / ___'_ __ _ _(_)_ __  __ _ \ \ \ \
( ( )\___ | '_ | '_| | '_ \/ _` | \ \ \ \
 \\/  ___)| |_)| | | | | || (_| |  ) ) ) )
  '  |____| .__|_| |_|_| |_\__, | / / / /
 =========|_|==============|___/=/_/_/_/
 :: Spring Boot ::        (v2.3.0.RELEASE)

2020-05-22 19:59:02.972  INFO 86375 --- [    Test worker] c.r.SpringBootKafkaAvroApplicationTests  : Starting SpringBootKafkaAvroApplicationTests on MacBook-Pro-2.local with PID 86375 (started by rafaelcam in /Users/rafaelcam/git/spring-boot-kafka-avro)
2020-05-22 19:59:02.973  INFO 86375 --- [    Test worker] c.r.SpringBootKafkaAvroApplicationTests  : No active profile set, falling back to default profiles: default
2020-05-22 19:59:04.401  INFO 86375 --- [    Test worker] c.r.SpringBootKafkaAvroApplicationTests  : Started SpringBootKafkaAvroApplicationTests in 1.649 seconds (JVM running for 2.537)
]]></system-out>
  <system-err><![CDATA[]]></system-err>
</testsuite>
